<?xml version="1.0" encoding="UTF-8"?>
<!-- Generated by org.testng.reporters.JUnitReportReporter -->
<testsuite skipped="0" hostname="LAPTOP-N9NVIK3B" name="com.inetbanking.testCases.TC_LoginTest_001" tests="1" failures="0" timestamp="20 Dec 2022 12:06:33 GMT" time="2.215" errors="0">
  <testcase name="logintest" time="2.215" classname="com.inetbanking.testCases.TC_LoginTest_001"/>
</testsuite> <!-- com.inetbanking.testCases.TC_LoginTest_001 -->
